<?xml version="1.0" encoding="UTF-8"?>
<!-- Generated by org.testng.reporters.JUnitReportReporter -->
<testsuite skipped="0" hostname="TSD-154" name="unitTests.RunConfigurationTests" tests="2" failures="0" timestamp="13 Oct 2016 06:54:27 GMT" time="0.014" errors="0">
  <testcase name="testLoadTimeout" time="0.003" classname="unitTests.RunConfigurationTests"/>
  <testcase name="testIEServerPath" time="0.011" classname="unitTests.RunConfigurationTests"/>
</testsuite> <!-- unitTests.RunConfigurationTests -->
